<?xml version="1.0" encoding="UTF-8"?>
<!-- Generated by org.testng.reporters.JUnitReportReporter -->
<testsuite skipped="0" hostname="Shiva" name="demo2.mavendemo.TestDemoOne" tests="1" failures="0" timestamp="2021-11-24T19:06:37 IST" time="0.005" errors="0">
  <testcase name="demoOne" time="0.005" classname="demo2.mavendemo.TestDemoOne"/>
  <system-out/>
</testsuite> <!-- demo2.mavendemo.TestDemoOne -->
