<?xml version="1.0" encoding="UTF-8"?>
<!-- Generated by org.testng.reporters.JUnitReportReporter -->
<testsuite skipped="0" hostname="Shiva" name="demo2.mavendemo.TestDemoThree" tests="1" failures="0" timestamp="2021-11-24T21:11:50 IST" time="0.001" errors="0">
  <testcase name="demoThree" time="0.001" classname="demo2.mavendemo.TestDemoThree"/>
  <system-out/>
</testsuite> <!-- demo2.mavendemo.TestDemoThree -->
