<?xml version="1.0" encoding="UTF-8"?>
<!-- Generated by org.testng.reporters.JUnitReportReporter -->
<testsuite skipped="0" hostname="Shiva" name="demo2.mavendemo.TestDemoTwo" tests="1" failures="0" timestamp="2021-11-24T21:11:50 IST" time="0.036" errors="0">
  <testcase name="demoTwo" time="0.036" classname="demo2.mavendemo.TestDemoTwo"/>
  <system-out/>
</testsuite> <!-- demo2.mavendemo.TestDemoTwo -->
